2015/11/17 09:17:31 [error] [exception.CHttpException.404] exception 'CHttpException' with message 'Unable to resolve the request "themes/activity/images/arr.png".' in C:\xampp\htdocs\activity\framework\web\CWebApplication.php:286
Stack trace:
#0 C:\xampp\htdocs\activity\framework\web\CWebApplication.php(141): CWebApplication->runController('themes/activity...')
#1 C:\xampp\htdocs\activity\framework\base\CApplication.php(184): CWebApplication->processRequest()
#2 C:\xampp\htdocs\activity\index.php(14): CApplication->run()
#3 {main}
REQUEST_URI=/activity/themes/activity/images/arr.png
HTTP_REFERER=http://localhost/activity/themes/activity/style.css
---
2015/11/17 10:05:36 [error] [exception.CHttpException.404] exception 'CHttpException' with message 'Unable to resolve the request "themes/activity/images/arr.png".' in E:\xampp\htdocs\activity\framework\web\CWebApplication.php:286
Stack trace:
#0 E:\xampp\htdocs\activity\framework\web\CWebApplication.php(141): CWebApplication->runController('themes/activity...')
#1 E:\xampp\htdocs\activity\framework\base\CApplication.php(184): CWebApplication->processRequest()
#2 E:\xampp\htdocs\activity\index.php(14): CApplication->run()
#3 {main}
REQUEST_URI=/activity/themes/activity/images/arr.png
HTTP_REFERER=http://localhost/activity/themes/activity/style.css
---
2015/11/17 10:06:00 [error] [exception.CHttpException.404] exception 'CHttpException' with message 'Unable to resolve the request "themes/activity/images/arr.png".' in E:\xampp\htdocs\activity\framework\web\CWebApplication.php:286
Stack trace:
#0 E:\xampp\htdocs\activity\framework\web\CWebApplication.php(141): CWebApplication->runController('themes/activity...')
#1 E:\xampp\htdocs\activity\framework\base\CApplication.php(184): CWebApplication->processRequest()
#2 E:\xampp\htdocs\activity\index.php(14): CApplication->run()
#3 {main}
REQUEST_URI=/activity/themes/activity/images/arr.png
HTTP_REFERER=http://localhost/activity/themes/activity/style.css
---
2015/11/17 10:07:18 [error] [exception.CHttpException.404] exception 'CHttpException' with message 'Unable to resolve the request "themes/activity/images/arr.png".' in E:\xampp\htdocs\activity\framework\web\CWebApplication.php:286
Stack trace:
#0 E:\xampp\htdocs\activity\framework\web\CWebApplication.php(141): CWebApplication->runController('themes/activity...')
#1 E:\xampp\htdocs\activity\framework\base\CApplication.php(184): CWebApplication->processRequest()
#2 E:\xampp\htdocs\activity\index.php(14): CApplication->run()
#3 {main}
REQUEST_URI=/activity/themes/activity/images/arr.png
HTTP_REFERER=http://localhost/activity/themes/activity/style.css
---
2015/11/17 10:10:02 [error] [exception.CHttpException.404] exception 'CHttpException' with message 'Unable to resolve the request "themes/activity/images/arr.png".' in E:\xampp\htdocs\activity\framework\web\CWebApplication.php:286
Stack trace:
#0 E:\xampp\htdocs\activity\framework\web\CWebApplication.php(141): CWebApplication->runController('themes/activity...')
#1 E:\xampp\htdocs\activity\framework\base\CApplication.php(184): CWebApplication->processRequest()
#2 E:\xampp\htdocs\activity\index.php(14): CApplication->run()
#3 {main}
REQUEST_URI=/activity/themes/activity/images/arr.png
HTTP_REFERER=http://localhost/activity/themes/activity/style.css
---
2015/11/17 10:12:45 [error] [exception.CHttpException.404] exception 'CHttpException' with message 'Unable to resolve the request "themes/activity/images/arr.png".' in E:\xampp\htdocs\activity\framework\web\CWebApplication.php:286
Stack trace:
#0 E:\xampp\htdocs\activity\framework\web\CWebApplication.php(141): CWebApplication->runController('themes/activity...')
#1 E:\xampp\htdocs\activity\framework\base\CApplication.php(184): CWebApplication->processRequest()
#2 E:\xampp\htdocs\activity\index.php(14): CApplication->run()
#3 {main}
REQUEST_URI=/activity/themes/activity/images/arr.png
HTTP_REFERER=http://localhost/activity/themes/activity/style.css
---
